<?xml version="1.0" encoding="UTF-8"?>
<!-- Generated by org.testng.reporters.JUnitReportReporter -->
<testsuite hostname="User" failures="0" tests="1" name="DataDrivenTesting_JSON.ToPerformTaskOnVTiger" time="101.949" errors="0" timestamp="2024-09-30T23:08:24 IST" skipped="0">
  <testcase classname="DataDrivenTesting_JSON.ToPerformTaskOnVTiger" name="toPerformOnVTiger" time="101.949"/>
  <system-out/>
</testsuite> <!-- DataDrivenTesting_JSON.ToPerformTaskOnVTiger -->
