<?xml version="1.0" encoding="UTF-8"?>
<!-- Generated by org.testng.reporters.JUnitReportReporter -->
<testsuite hostname="User" failures="0" tests="3" name="AdvanceSelenium.ToLearnTestNG" time="0.014" errors="0" timestamp="2024-09-02T06:45:59 IST" skipped="0">
  <testcase classname="AdvanceSelenium.ToLearnTestNG" name="cricbuzz" time="0.011"/>
  <system-out>
    <![CDATA[Cricbuzz got Executed]]>
  </system-out>
  <testcase classname="AdvanceSelenium.ToLearnTestNG" name="baskinRobbins" time="0.001"/>
  <system-out>
    <![CDATA[BaskinRobbins got Executed]]>
  </system-out>
  <testcase classname="AdvanceSelenium.ToLearnTestNG" name="amazon" time="0.002"/>
  <system-out>
    <![CDATA[Amazon got Executed]]>
  </system-out>
</testsuite> <!-- AdvanceSelenium.ToLearnTestNG -->
