<?xml version="1.0" encoding="UTF-8"?>
<!-- Generated by org.testng.reporters.JUnitReportReporter -->
<testsuite hostname="User" failures="0" tests="1" name="Practise_Java_Concepts.Class_B" time="0.011" errors="0" timestamp="2024-11-21T20:06:50 IST" skipped="0">
  <testcase classname="Practise_Java_Concepts.Class_B" name="executeTest" time="0.011"/>
  <system-out/>
</testsuite> <!-- Practise_Java_Concepts.Class_B -->
