<?xml version="1.0" encoding="UTF-8"?>
<!-- Generated by org.testng.reporters.JUnitReportReporter -->
<testsuite hostname="User" failures="0" tests="1" name="DataDrivenTesting_XML.ToLearnDataDrivenTestingByXML" time="0.012" errors="0" timestamp="2024-12-23T15:47:20 IST" skipped="0">
  <testcase classname="DataDrivenTesting_XML.ToLearnDataDrivenTestingByXML" name="learnBasicsofXml" time="0.012"/>
  <system-out/>
</testsuite> <!-- DataDrivenTesting_XML.ToLearnDataDrivenTestingByXML -->
