<?xml version="1.0" encoding="UTF-8"?>
<!-- Generated by org.testng.reporters.JUnitReportReporter -->
<testsuite hostname="User" failures="0" tests="1" name="DataDrivenTesting_XML" time="0.012" errors="0" timestamp="2024-09-30T17:06:23 IST" skipped="0">
  <testcase classname="DataDrivenTesting_XML" name="learnBasicsofXml" time="0.012"/>
  <system-out/>
</testsuite> <!-- DataDrivenTesting_XML -->
