<?xml version="1.0" encoding="UTF-8"?>
<!-- Generated by org.testng.reporters.JUnitReportReporter -->
<testsuite hostname="User" failures="0" tests="1" name="Practise_Java_Concepts.AutomateIPLTest" time="29.469" errors="0" timestamp="2024-11-24T14:08:13 IST" skipped="0">
  <testcase classname="Practise_Java_Concepts.AutomateIPLTest" name="getPointsTable" time="29.469"/>
  <system-out/>
</testsuite> <!-- Practise_Java_Concepts.AutomateIPLTest -->
